# JRE version: Java(TM) SE Runtime Environment (20.0+36) (build 20+36-2344)
# Java VM: Java HotSpot(TM) 64-Bit Server VM (20+36-2344, mixed mode, sharing, tiered, compressed oops, compressed class ptrs, g1 gc, windows-amd64)
GC Precious Log:
 CardTable entry size: 512
 Card Set container configuration: InlinePtr #cards 5 size 8 Array Of Cards #cards 12 size 40 Howl #buckets 4 coarsen threshold 1843 Howl Bitmap #cards 512 size 80 coarsen threshold 460 Card regions per heap region 1 cards per card region 2048
 CPUs: 16 total, 16 available
 Memory: 7365M
 Large Page Support: Disabled
 NUMA Support: Disabled
 Compressed Oops: Enabled (32-bit)
 Heap Region Size: 1M
 Heap Min Capacity: 8M
 Heap Initial Capacity: 116M
 Heap Max Capacity: 1842M
 Pre-touch: Disabled
 Parallel Workers: 13
 Concurrent Workers: 3
 Concurrent Refinement Workers: 13
 Periodic GC: Disabled
Heap:
 garbage-first heap   total 91136K, used 60003K [0x000000008ce00000, 0x0000000100000000)
  region size 1024K, 20 young (20480K), 2 survivors (2048K)
 Metaspace       used 61688K, committed 62528K, reserved 1114112K
  class space    used 7867K, committed 8256K, reserved 1048576K
GC Heap History (20 events):
Event: 1.116 GC heap before
{Heap before GC invocations=1 (full 0):
 garbage-first heap   total 118784K, used 34624K [0x000000008ce00000, 0x0000000100000000)
  region size 1024K, 23 young (23552K), 3 survivors (3072K)
 Metaspace       used 8674K, committed 8896K, reserved 1114112K
  class space    used 995K, committed 1088K, reserved 1048576K
}
Event: 1.123 GC heap after
{Heap after GC invocations=2 (full 0):
 garbage-first heap   total 118784K, used 17540K [0x000000008ce00000, 0x0000000100000000)
  region size 1024K, 3 young (3072K), 3 survivors (3072K)
 Metaspace       used 8674K, committed 8896K, reserved 1114112K
  class space    used 995K, committed 1088K, reserved 1048576K
}
Event: 2.782 GC heap before
{Heap before GC invocations=2 (full 0):
 garbage-first heap   total 118784K, used 53380K [0x000000008ce00000, 0x0000000100000000)
  region size 1024K, 38 young (38912K), 3 survivors (3072K)
 Metaspace       used 17838K, committed 18176K, reserved 1114112K
  class space    used 2164K, committed 2304K, reserved 1048576K
}
Event: 2.788 GC heap after
{Heap after GC invocations=3 (full 0):
 garbage-first heap   total 118784K, used 20476K [0x000000008ce00000, 0x0000000100000000)
  region size 1024K, 5 young (5120K), 5 survivors (5120K)
 Metaspace       used 17838K, committed 18176K, reserved 1114112K
  class space    used 2164K, committed 2304K, reserved 1048576K
}
Event: 3.140 GC heap before
{Heap before GC invocations=3 (full 0):
 garbage-first heap   total 118784K, used 39932K [0x000000008ce00000, 0x0000000100000000)
  region size 1024K, 26 young (26624K), 5 survivors (5120K)
 Metaspace       used 21150K, committed 21504K, reserved 1114112K
  class space    used 2502K, committed 2688K, reserved 1048576K
}
Event: 3.148 GC heap after
{Heap after GC invocations=4 (full 0):
 garbage-first heap   total 118784K, used 23598K [0x000000008ce00000, 0x0000000100000000)
  region size 1024K, 6 young (6144K), 6 survivors (6144K)
 Metaspace       used 21150K, committed 21504K, reserved 1114112K
  class space    used 2502K, committed 2688K, reserved 1048576K
}
Event: 4.073 GC heap before
{Heap before GC invocations=5 (full 0):
 garbage-first heap   total 75776K, used 59438K [0x000000008ce00000, 0x0000000100000000)
  region size 1024K, 44 young (45056K), 6 survivors (6144K)
 Metaspace       used 24560K, committed 24960K, reserved 1114112K
  class space    used 2953K, committed 3136K, reserved 1048576K
}
Event: 4.086 GC heap after
{Heap after GC invocations=6 (full 0):
 garbage-first heap   total 75776K, used 23298K [0x000000008ce00000, 0x0000000100000000)
  region size 1024K, 6 young (6144K), 6 survivors (6144K)
 Metaspace       used 24560K, committed 24960K, reserved 1114112K
  class space    used 2953K, committed 3136K, reserved 1048576K
}
Event: 5.116 GC heap before
{Heap before GC invocations=6 (full 0):
 garbage-first heap   total 75776K, used 59138K [0x000000008ce00000, 0x0000000100000000)
  region size 1024K, 40 young (40960K), 6 survivors (6144K)
 Metaspace       used 31689K, committed 32256K, reserved 1114112K
  class space    used 3888K, committed 4160K, reserved 1048576K
}
Event: 5.129 GC heap after
{Heap after GC invocations=7 (full 0):
 garbage-first heap   total 91136K, used 26066K [0x000000008ce00000, 0x0000000100000000)
  region size 1024K, 4 young (4096K), 4 survivors (4096K)
 Metaspace       used 31689K, committed 32256K, reserved 1114112K
  class space    used 3888K, committed 4160K, reserved 1048576K
}
Event: 5.724 GC heap before
{Heap before GC invocations=7 (full 0):
 garbage-first heap   total 91136K, used 58834K [0x000000008ce00000, 0x0000000100000000)
  region size 1024K, 37 young (37888K), 4 survivors (4096K)
 Metaspace       used 35382K, committed 35968K, reserved 1114112K
  class space    used 4403K, committed 4672K, reserved 1048576K
}
Event: 5.731 GC heap after
{Heap after GC invocations=8 (full 0):
 garbage-first heap   total 91136K, used 27495K [0x000000008ce00000, 0x0000000100000000)
  region size 1024K, 6 young (6144K), 6 survivors (6144K)
 Metaspace       used 35382K, committed 35968K, reserved 1114112K
  class space    used 4403K, committed 4672K, reserved 1048576K
}
Event: 6.571 GC heap before
{Heap before GC invocations=9 (full 0):
 garbage-first heap   total 91136K, used 73575K [0x000000008ce00000, 0x0000000100000000)
  region size 1024K, 51 young (52224K), 6 survivors (6144K)
 Metaspace       used 42278K, committed 42944K, reserved 1114112K
  class space    used 5396K, committed 5696K, reserved 1048576K
}
Event: 6.576 GC heap after
{Heap after GC invocations=10 (full 0):
 garbage-first heap   total 91136K, used 33599K [0x000000008ce00000, 0x0000000100000000)
  region size 1024K, 7 young (7168K), 7 survivors (7168K)
 Metaspace       used 42278K, committed 42944K, reserved 1114112K
  class space    used 5396K, committed 5696K, reserved 1048576K
}
Event: 10.148 GC heap before
{Heap before GC invocations=10 (full 0):
 garbage-first heap   total 91136K, used 74559K [0x000000008ce00000, 0x0000000100000000)
  region size 1024K, 47 young (48128K), 7 survivors (7168K)
 Metaspace       used 50092K, committed 50816K, reserved 1114112K
  class space    used 6589K, committed 6912K, reserved 1048576K
}
Event: 10.154 GC heap after
{Heap after GC invocations=11 (full 0):
 garbage-first heap   total 91136K, used 38827K [0x000000008ce00000, 0x0000000100000000)
  region size 1024K, 5 young (5120K), 5 survivors (5120K)
 Metaspace       used 50092K, committed 50816K, reserved 1114112K
  class space    used 6589K, committed 6912K, reserved 1048576K
}
Event: 470.790 GC heap before
{Heap before GC invocations=11 (full 0):
 garbage-first heap   total 91136K, used 72619K [0x000000008ce00000, 0x0000000100000000)
  region size 1024K, 39 young (39936K), 5 survivors (5120K)
 Metaspace       used 59364K, committed 60096K, reserved 1114112K
  class space    used 7790K, committed 8128K, reserved 1048576K
}
Event: 470.843 GC heap after
{Heap after GC invocations=12 (full 0):
 garbage-first heap   total 91136K, used 41446K [0x000000008ce00000, 0x0000000100000000)
  region size 1024K, 4 young (4096K), 4 survivors (4096K)
 Metaspace       used 59364K, committed 60096K, reserved 1114112K
  class space    used 7790K, committed 8128K, reserved 1048576K
}
Event: 2740.426 GC heap before
{Heap before GC invocations=13 (full 0):
 garbage-first heap   total 91136K, used 77286K [0x000000008ce00000, 0x0000000100000000)
  region size 1024K, 39 young (39936K), 4 survivors (4096K)
 Metaspace       used 61545K, committed 62400K, reserved 1114112K
  class space    used 7867K, committed 8256K, reserved 1048576K
}
Event: 2740.520 GC heap after
{Heap after GC invocations=14 (full 0):
 garbage-first heap   total 91136K, used 42595K [0x000000008ce00000, 0x0000000100000000)
  region size 1024K, 2 young (2048K), 2 survivors (2048K)
 Metaspace       used 61545K, committed 62400K, reserved 1114112K
  class space    used 7867K, committed 8256K, reserved 1048576K
}

